<?xml version="1.0" encoding="UTF-8"?>
<robot generator="Robot 3.1.1 (Python 3.7.3 on win32)" generated="20190416 09:03:43.000" rpa="false">
<suite id="s1" name="RobotProject" source="C:\Users\InternDN19.01.02\eclipse-workspace\RobotProject">
<suite id="s1-s1" name="RobotProject" source="C:\Users\InternDN19.01.02\eclipse-workspace\RobotProject\RobotProject">
<suite id="s1-s1-s1" name="Src" source="C:\Users\InternDN19.01.02\eclipse-workspace\RobotProject\RobotProject\src">
<suite id="s1-s1-s1-s1" name="Test" source="C:\Users\InternDN19.01.02\eclipse-workspace\RobotProject\RobotProject\src\test">
<suite id="s1-s1-s1-s1-s1" name="Java" source="C:\Users\InternDN19.01.02\eclipse-workspace\RobotProject\RobotProject\src\test\java">
<suite id="s1-s1-s1-s1-s1-s1" name="Com" source="C:\Users\InternDN19.01.02\eclipse-workspace\RobotProject\RobotProject\src\test\java\com">
<suite id="s1-s1-s1-s1-s1-s1-s1" name="Robot" source="C:\Users\InternDN19.01.02\eclipse-workspace\RobotProject\RobotProject\src\test\java\com\robot">
<suite id="s1-s1-s1-s1-s1-s1-s1-s1" name="Tests" source="C:\Users\InternDN19.01.02\eclipse-workspace\RobotProject\RobotProject\src\test\java\com\robot\tests">
<suite id="s1-s1-s1-s1-s1-s1-s1-s1-s1" name="RobotProject" source="C:\Users\InternDN19.01.02\eclipse-workspace\RobotProject\RobotProject\src\test\java\com\robot\tests\RobotProject">
<suite id="s1-s1-s1-s1-s1-s1-s1-s1-s1-s1" name="Tests" source="C:\Users\InternDN19.01.02\eclipse-workspace\RobotProject\RobotProject\src\test\java\com\robot\tests\RobotProject\Tests">
<suite id="s1-s1-s1-s1-s1-s1-s1-s1-s1-s1-s1" name="LoginTest" source="C:\Users\InternDN19.01.02\eclipse-workspace\RobotProject\RobotProject\src\test\java\com\robot\tests\RobotProject\Tests\LoginTest.robot">
<test id="s1-s1-s1-s1-s1-s1-s1-s1-s1-s1-s1-t1" name="Go to add new post page">
<kw name="Setup" library="Setup" type="setup">
<kw name="Normalize Path" library="OperatingSystem">
<doc>Normalizes the given path.</doc>
<arguments>
<arg>path</arg>
<arg>../Resources/chromedriver.exe</arg>
</arguments>
<assign>
<var>${PATH}</var>
</assign>
<msg timestamp="20190416 09:03:43.334" level="INFO">${PATH} = path</msg>
<status status="PASS" starttime="20190416 09:03:43.333" endtime="20190416 09:03:43.334"></status>
</kw>
<kw name="Log To Console" library="BuiltIn">
<doc>Logs the given message to the console.</doc>
<arguments>
<arg>${PATH}</arg>
</arguments>
<status status="PASS" starttime="20190416 09:03:43.335" endtime="20190416 09:03:43.336"></status>
</kw>
<kw name="Append To Environment Variable" library="OperatingSystem">
<doc>Appends given ``values`` to environment variable ``name``.</doc>
<arguments>
<arg>${PATH}</arg>
<arg>${PATH}</arg>
</arguments>
<msg timestamp="20190416 09:03:43.337" level="INFO">Environment variable 'path' set to value 'C:/Program Files/Java/jre1.8.0_201/bin/server;C:/Program Files/Java/jre1.8.0_201/bin;C:/Program Files/Java/jre1.8.0_201/lib/amd64;C:\Program Files (x86)\Common Files\Oracle\Java\javapath;C:\Python27\;C:\Python27\Scripts;C:\Program Files (x86)\Intel\iCLS Client\;C:\Program Files\Intel\iCLS Client\;C:\Windows\system32;C:\Windows;C:\Windows\System32\Wbem;C:\Windows\System32\WindowsPowerShell\v1.0\;C:\Windows\System32\OpenSSH\;C:\Program Files\Intel\Intel(R) Management Engine Components\DAL;C:\Program Files\Intel\Intel(R) Management Engine Components\IPT;C:\Program Files (x86)\Intel\Intel(R) Management Engine Components\DAL;C:\Program Files (x86)\Intel\Intel(R) Management Engine Components\IPT;C:\Program Files (x86)\Intel\OpenCL SDK\2.0\bin\x86;C:\Program Files (x86)\Intel\OpenCL SDK\2.0\bin\x64;C:\Program Files\Git\cmd;C:\Program Files\webdrivers;;C:\xampp\php;C:\ProgramData\ComposerSetup\bin;C:\Users\InternDN19.01.02\AppData\Local\Programs\Python\Python37-32\Scripts\;C:\Users\InternDN19.01.02\AppData\Local\Programs\Python\Python37-32\;C:\Users\InternDN19.01.02\AppData\Local\Programs\Python\Python37\Scripts\;C:\Users\InternDN19.01.02\AppData\Local\Programs\Python\Python37\;C:\Users\InternDN19.01.02\AppData\Local\Microsoft\WindowsApps;;C:\Users\InternDN19.01.02\AppData\Local\Programs\Microsoft VS Code\bin;C:\Users\InternDN19.01.02\AppData\Roaming\Composer\vendor\bin;C:\Users\InternDN19.01.02\Desktop\eclipse-java-oxygen-1a-win32-x86_64\eclipse;;path'.</msg>
<status status="PASS" starttime="20190416 09:03:43.336" endtime="20190416 09:03:43.337"></status>
</kw>
<kw name="Open Browser" library="Selenium2Library">
<doc>Opens a new browser instance to the given ``url``.</doc>
<arguments>
<arg>${ROOT}</arg>
<arg>${BROWSER}</arg>
</arguments>
<msg timestamp="20190416 09:03:43.338" level="INFO">Opening browser 'Chrome' to base url 'http://localhost/wordpress/wp-admin/'.</msg>
<status status="PASS" starttime="20190416 09:03:43.338" endtime="20190416 09:03:49.403"></status>
</kw>
<status status="PASS" starttime="20190416 09:03:43.333" endtime="20190416 09:03:49.403"></status>
</kw>
<kw name="Go to login page">
<msg timestamp="20190416 09:03:49.416" level="FAIL">No keyword with name 'Go to login page' found.</msg>
<status status="FAIL" starttime="20190416 09:03:49.415" endtime="20190416 09:03:49.416"></status>
</kw>
<kw name="Teardown" library="Setup" type="teardown">
<kw name="Close All Browsers" library="Selenium2Library">
<doc>Closes all open browsers and resets the browser cache.</doc>
<status status="PASS" starttime="20190416 09:03:49.418" endtime="20190416 09:03:51.549"></status>
</kw>
<status status="PASS" starttime="20190416 09:03:49.417" endtime="20190416 09:03:51.550"></status>
</kw>
<status status="FAIL" starttime="20190416 09:03:43.332" endtime="20190416 09:03:51.550" critical="yes">No keyword with name 'Go to login page' found.</status>
</test>
<status status="FAIL" starttime="20190416 09:03:43.114" endtime="20190416 09:03:51.551"></status>
</suite>
<status status="FAIL" starttime="20190416 09:03:43.111" endtime="20190416 09:03:51.555"></status>
</suite>
<status status="FAIL" starttime="20190416 09:03:43.106" endtime="20190416 09:03:51.558"></status>
</suite>
<status status="FAIL" starttime="20190416 09:03:43.102" endtime="20190416 09:03:51.561"></status>
</suite>
<status status="FAIL" starttime="20190416 09:03:43.098" endtime="20190416 09:03:51.564"></status>
</suite>
<status status="FAIL" starttime="20190416 09:03:43.094" endtime="20190416 09:03:51.567"></status>
</suite>
<status status="FAIL" starttime="20190416 09:03:43.090" endtime="20190416 09:03:51.571"></status>
</suite>
<status status="FAIL" starttime="20190416 09:03:43.086" endtime="20190416 09:03:51.574"></status>
</suite>
<status status="FAIL" starttime="20190416 09:03:43.083" endtime="20190416 09:03:51.577"></status>
</suite>
<status status="FAIL" starttime="20190416 09:03:43.079" endtime="20190416 09:03:51.580"></status>
</suite>
<status status="FAIL" starttime="20190416 09:03:43.047" endtime="20190416 09:03:51.583"></status>
</suite>
<statistics>
<total>
<stat pass="0" fail="1">Critical Tests</stat>
<stat pass="0" fail="1">All Tests</stat>
</total>
<tag>
</tag>
<suite>
<stat pass="0" fail="1" id="s1" name="RobotProject">RobotProject</stat>
<stat pass="0" fail="1" id="s1-s1" name="RobotProject">RobotProject.RobotProject</stat>
<stat pass="0" fail="1" id="s1-s1-s1" name="Src">RobotProject.RobotProject.Src</stat>
<stat pass="0" fail="1" id="s1-s1-s1-s1" name="Test">RobotProject.RobotProject.Src.Test</stat>
<stat pass="0" fail="1" id="s1-s1-s1-s1-s1" name="Java">RobotProject.RobotProject.Src.Test.Java</stat>
<stat pass="0" fail="1" id="s1-s1-s1-s1-s1-s1" name="Com">RobotProject.RobotProject.Src.Test.Java.Com</stat>
<stat pass="0" fail="1" id="s1-s1-s1-s1-s1-s1-s1" name="Robot">RobotProject.RobotProject.Src.Test.Java.Com.Robot</stat>
<stat pass="0" fail="1" id="s1-s1-s1-s1-s1-s1-s1-s1" name="Tests">RobotProject.RobotProject.Src.Test.Java.Com.Robot.Tests</stat>
<stat pass="0" fail="1" id="s1-s1-s1-s1-s1-s1-s1-s1-s1" name="RobotProject">RobotProject.RobotProject.Src.Test.Java.Com.Robot.Tests.RobotProject</stat>
<stat pass="0" fail="1" id="s1-s1-s1-s1-s1-s1-s1-s1-s1-s1" name="Tests">RobotProject.RobotProject.Src.Test.Java.Com.Robot.Tests.RobotProject.Tests</stat>
<stat pass="0" fail="1" id="s1-s1-s1-s1-s1-s1-s1-s1-s1-s1-s1" name="LoginTest">RobotProject.RobotProject.Src.Test.Java.Com.Robot.Tests.RobotProject.Tests.LoginTest</stat>
</suite>
</statistics>
<errors>
<msg timestamp="20190416 09:03:43.329" level="ERROR">Error in file 'C:\Users\InternDN19.01.02\eclipse-workspace\RobotProject\RobotProject\src\test\java\com\robot\tests\RobotProject\Resources\Libraries.robot': Importing test library 'PageObjectLibrary' failed: ModuleNotFoundError: No module named 'PageObjectLibrary'
Traceback (most recent call last):
  None
PYTHONPATH:
  C:\Users\InternDN19.01.02\eclipse-workspace\RobotProject
  C:\Users\InternDN19.01.02\AppData\Local\Programs\Python\Python37-32\python37.zip
  C:\Users\InternDN19.01.02\AppData\Local\Programs\Python\Python37-32\DLLs
  C:\Users\InternDN19.01.02\AppData\Local\Programs\Python\Python37-32\lib
  C:\Users\InternDN19.01.02\AppData\Local\Programs\Python\Python37-32
  C:\Users\InternDN19.01.02\AppData\Roaming\Python\Python37\site-packages
  C:\Users\InternDN19.01.02\AppData\Local\Programs\Python\Python37-32\lib\site-packages</msg>
</errors>
</robot>
