<?xml version="1.0" encoding="UTF-8"?>
<robot generator="Robot 3.1.1 (Python 3.7.3 on win32)" generated="20190416 11:07:18.030" rpa="false">
<suite id="s1" name="RobotProject" source="C:\RobotProject\RobotProject">
<suite id="s1-s1" name="Src" source="C:\RobotProject\RobotProject\src">
<suite id="s1-s1-s1" name="Test" source="C:\RobotProject\RobotProject\src\test">
<suite id="s1-s1-s1-s1" name="Java" source="C:\RobotProject\RobotProject\src\test\java">
<suite id="s1-s1-s1-s1-s1" name="Com" source="C:\RobotProject\RobotProject\src\test\java\com">
<suite id="s1-s1-s1-s1-s1-s1" name="Robot" source="C:\RobotProject\RobotProject\src\test\java\com\robot">
<suite id="s1-s1-s1-s1-s1-s1-s1" name="Tests" source="C:\RobotProject\RobotProject\src\test\java\com\robot\tests">
<suite id="s1-s1-s1-s1-s1-s1-s1-s1" name="RobotProject" source="C:\RobotProject\RobotProject\src\test\java\com\robot\tests\RobotProject">
<suite id="s1-s1-s1-s1-s1-s1-s1-s1-s1" name="Tests" source="C:\RobotProject\RobotProject\src\test\java\com\robot\tests\RobotProject\Tests">
<suite id="s1-s1-s1-s1-s1-s1-s1-s1-s1-s1" name="UpdateAdminProfileTest" source="C:\RobotProject\RobotProject\src\test\java\com\robot\tests\RobotProject\Tests\UpdateAdminProfileTest.robot">
<test id="s1-s1-s1-s1-s1-s1-s1-s1-s1-s1-t1" name="Valid update admin profile">
<kw name="Setup" library="Setup" type="setup">
<kw name="Normalize Path" library="OperatingSystem">
<doc>Normalizes the given path.</doc>
<arguments>
<arg>path</arg>
<arg>../Resources/chromedriver.exe</arg>
</arguments>
<assign>
<var>${PATH}</var>
</assign>
<msg timestamp="20190416 11:07:21.210" level="INFO">${PATH} = path</msg>
<status status="PASS" starttime="20190416 11:07:19.228" endtime="20190416 11:07:21.210"></status>
</kw>
<kw name="Log To Console" library="BuiltIn">
<doc>Logs the given message to the console.</doc>
<arguments>
<arg>${PATH}</arg>
</arguments>
<status status="PASS" starttime="20190416 11:07:21.232" endtime="20190416 11:07:22.581"></status>
</kw>
<kw name="Append To Environment Variable" library="OperatingSystem">
<doc>Appends given ``values`` to environment variable ``name``.</doc>
<arguments>
<arg>${PATH}</arg>
<arg>${PATH}</arg>
</arguments>
<msg timestamp="20190416 11:07:23.182" level="INFO">Environment variable 'path' set to value 'C:/JDK/bin/server;C:/JDK/bin;C:/JDK/lib/amd64;C:\Python37\;C:\Python37\Scripts\;C:\Program Files (x86)\Common Files\Oracle\Java\javapath;C:\Program Files (x86)\Intel\Intel(R) Management Engine Components\iCLS\;C:\Program Files\Intel\Intel(R) Management Engine Components\iCLS\;C:\Windows\system32;C:\Windows;C:\Windows\System32\Wbem;C:\Windows\System32\WindowsPowerShell\v1.0\;C:\Windows\System32\OpenSSH\;C:\Program Files (x86)\Intel\Intel(R) Management Engine Components\DAL;C:\Program Files\Intel\Intel(R) Management Engine Components\DAL;C:\Program Files (x86)\Intel\Intel(R) Management Engine Components\IPT;C:\Program Files\Intel\Intel(R) Management Engine Components\IPT;C:\Program Files\Git\cmd;C:\xampp\php;C:\ProgramData\ComposerSetup\bin;C:\Users\InternDN19.01.03\AppData\Local\Programs\Python\Python37\Scripts\;C:\Users\InternDN19.01.03\AppData\Local\Programs\Python\Python37\;C:\Users\InternDN19.01.03\AppData\Local\Microsoft\WindowsApps;C:\webdrivers;;C:\Users\InternDN19.01.03\AppData\Local\Programs\Microsoft VS Code\bin;C:\Users\InternDN19.01.03\AppData\Roaming\Composer\vendor\bin;C:\eclipse-java-oxygen-1a-win32-x86_64\eclipse;;C:\Users\InternDN19.01.03\AppData\Local\Programs\Python\Python37\lib\site-packages\pywin32_system32;path'.</msg>
<status status="PASS" starttime="20190416 11:07:22.585" endtime="20190416 11:07:23.182"></status>
</kw>
<kw name="Open Browser" library="Selenium2Library">
<doc>Opens a new browser instance to the given ``url``.</doc>
<arguments>
<arg>${ROOT}</arg>
<arg>${BROWSER}</arg>
</arguments>
<msg timestamp="20190416 11:07:24.215" level="INFO">Opening browser 'Chrome' to base url 'http://localhost/wordpress/wp-admin/'.</msg>
<kw name="Capture Page Screenshot" library="Selenium2Library">
<doc>Takes screenshot of the current page and embeds it into log file.</doc>
<msg timestamp="20190416 11:07:30.733" level="FAIL">WebDriverException: Message: chrome not reachable
  (Session info: chrome=73.0.3683.103)
  (Driver info: chromedriver=73.0.3683.68 (47787ec04b6e38e22703e856e101e840b65afe72),platform=Windows NT 10.0.17134 x86_64)
</msg>
<status status="FAIL" starttime="20190416 11:07:26.612" endtime="20190416 11:07:30.733"></status>
</kw>
<msg timestamp="20190416 11:07:30.733" level="WARN">Keyword 'Capture Page Screenshot' could not be run on failure: WebDriverException: Message: chrome not reachable
  (Session info: chrome=73.0.3683.103)
  (Driver info: chromedriver=73.0.3683.68 (47787ec04b6e38e22703e856e101e840b65afe72),platform=Windows NT 10.0.17134 x86_64)
</msg>
<msg timestamp="20190416 11:07:30.740" level="FAIL">WebDriverException: Message: unknown error: cannot determine loading status
from unknown error: cannot determine loading status
from disconnected: received Inspector.detached event
  (Session info: chrome=73.0.3683.103)
  (Driver info: chromedriver=73.0.3683.68 (47787ec04b6e38e22703e856e101e840b65afe72),platform=Windows NT 10.0.17134 x86_64)
</msg>
<status status="FAIL" starttime="20190416 11:07:23.182" endtime="20190416 11:07:30.740"></status>
</kw>
<status status="FAIL" starttime="20190416 11:07:19.093" endtime="20190416 11:07:30.740"></status>
</kw>
<kw name="Teardown" library="Setup" type="teardown">
<kw name="Close All Browsers" library="Selenium2Library">
<doc>Closes all open browsers and resets the browser cache.</doc>
<status status="PASS" starttime="20190416 11:07:30.740" endtime="20190416 11:07:34.914"></status>
</kw>
<status status="PASS" starttime="20190416 11:07:30.740" endtime="20190416 11:07:34.914"></status>
</kw>
<status status="FAIL" starttime="20190416 11:07:19.092" endtime="20190416 11:07:34.914" critical="yes">Setup failed:
WebDriverException: Message: unknown error: cannot determine loading status
from unknown error: cannot determine loading status
from disconnected: received Inspector.detached event
  (Session info: chrome=73.0.3683.103)
  (Driver info: chromedriver=73.0.3683.68 (47787ec04b6e38e22703e856e101e840b65afe72),platform=Windows NT 10.0.17134 x86_64)
</status>
</test>
<status status="FAIL" starttime="20190416 11:07:18.500" endtime="20190416 11:07:34.918"></status>
</suite>
<status status="FAIL" starttime="20190416 11:07:18.500" endtime="20190416 11:07:34.920"></status>
</suite>
<status status="FAIL" starttime="20190416 11:07:18.500" endtime="20190416 11:07:34.920"></status>
</suite>
<status status="FAIL" starttime="20190416 11:07:18.500" endtime="20190416 11:07:34.920"></status>
</suite>
<status status="FAIL" starttime="20190416 11:07:18.485" endtime="20190416 11:07:34.920"></status>
</suite>
<status status="FAIL" starttime="20190416 11:07:18.485" endtime="20190416 11:07:34.920"></status>
</suite>
<status status="FAIL" starttime="20190416 11:07:18.485" endtime="20190416 11:07:34.920"></status>
</suite>
<status status="FAIL" starttime="20190416 11:07:18.485" endtime="20190416 11:07:34.920"></status>
</suite>
<status status="FAIL" starttime="20190416 11:07:18.485" endtime="20190416 11:07:34.920"></status>
</suite>
<status status="FAIL" starttime="20190416 11:07:18.431" endtime="20190416 11:07:34.920"></status>
</suite>
<statistics>
<total>
<stat pass="0" fail="1">Critical Tests</stat>
<stat pass="0" fail="1">All Tests</stat>
</total>
<tag>
</tag>
<suite>
<stat pass="0" fail="1" id="s1" name="RobotProject">RobotProject</stat>
<stat pass="0" fail="1" id="s1-s1" name="Src">RobotProject.Src</stat>
<stat pass="0" fail="1" id="s1-s1-s1" name="Test">RobotProject.Src.Test</stat>
<stat pass="0" fail="1" id="s1-s1-s1-s1" name="Java">RobotProject.Src.Test.Java</stat>
<stat pass="0" fail="1" id="s1-s1-s1-s1-s1" name="Com">RobotProject.Src.Test.Java.Com</stat>
<stat pass="0" fail="1" id="s1-s1-s1-s1-s1-s1" name="Robot">RobotProject.Src.Test.Java.Com.Robot</stat>
<stat pass="0" fail="1" id="s1-s1-s1-s1-s1-s1-s1" name="Tests">RobotProject.Src.Test.Java.Com.Robot.Tests</stat>
<stat pass="0" fail="1" id="s1-s1-s1-s1-s1-s1-s1-s1" name="RobotProject">RobotProject.Src.Test.Java.Com.Robot.Tests.RobotProject</stat>
<stat pass="0" fail="1" id="s1-s1-s1-s1-s1-s1-s1-s1-s1" name="Tests">RobotProject.Src.Test.Java.Com.Robot.Tests.RobotProject.Tests</stat>
<stat pass="0" fail="1" id="s1-s1-s1-s1-s1-s1-s1-s1-s1-s1" name="UpdateAdminProfileTest">RobotProject.Src.Test.Java.Com.Robot.Tests.RobotProject.Tests.UpdateAdminProfileTest</stat>
</suite>
</statistics>
<errors>
<msg timestamp="20190416 11:07:19.087" level="ERROR">Error in file 'C:\RobotProject\RobotProject\src\test\java\com\robot\tests\RobotProject\Pages\ProfileAdminPage.robot': Resource file '..\..\Resources\Setup.robot' does not exist.</msg>
<msg timestamp="20190416 11:07:19.089" level="ERROR">Error in file 'C:\RobotProject\RobotProject\src\test\java\com\robot\tests\RobotProject\Actions\UpdateAdminProfileActions\UpdateAdminProfileAction.robot': Resource file '..\..\Action\SelectMenuAction.robot' does not exist.</msg>
<msg timestamp="20190416 11:07:30.733" level="WARN">Keyword 'Capture Page Screenshot' could not be run on failure: WebDriverException: Message: chrome not reachable
  (Session info: chrome=73.0.3683.103)
  (Driver info: chromedriver=73.0.3683.68 (47787ec04b6e38e22703e856e101e840b65afe72),platform=Windows NT 10.0.17134 x86_64)
</msg>
</errors>
</robot>
